2020-04-26 17:04:541 INFO  BrowserSelector :36 - Launching Chrome Browser
2020-04-26 17:04:127 INFO  HomePage :40 - Clicking on Accept Tab : [[ChromeDriver: chrome on WINDOWS (c3f515ab1f3d68c5a578cfc21503ff52)] -> xpath: //span[@class='button-text']]
2020-04-26 17:04:509 INFO  HomePage :46 - Clicking on Account Tab : [[ChromeDriver: chrome on WINDOWS (c3f515ab1f3d68c5a578cfc21503ff52)] -> xpath: //button[@id='header-account-menu']]
2020-04-26 17:04:177 INFO  HomePage :52 - Clicking on Sign In Tab : [[ChromeDriver: chrome on WINDOWS (c3f515ab1f3d68c5a578cfc21503ff52)] -> xpath: //button[@id='header-account-signin-button']]
2020-04-26 17:04:487 INFO  SignInPage :41 - Entering Email Id : JamesB1234@gmail.com [[ChromeDriver: chrome on WINDOWS (c3f515ab1f3d68c5a578cfc21503ff52)] -> id: gss-signin-email]
2020-04-26 17:04:67 INFO  SignInPage :48 - Entering Password  : James123 [[ChromeDriver: chrome on WINDOWS (c3f515ab1f3d68c5a578cfc21503ff52)] -> id: gss-signin-password]
2020-04-26 17:04:361 INFO  SignInPage :54 - Clicking on Sign In Button  : [[ChromeDriver: chrome on WINDOWS (c3f515ab1f3d68c5a578cfc21503ff52)] -> id: gss-signin-submit]
2020-04-26 17:04:771 INFO  SignInPage :59 - Verify My List Tab Message  : My Lists [[ChromeDriver: chrome on WINDOWS (c3f515ab1f3d68c5a578cfc21503ff52)] -> xpath: //span[@class='sp-name']]
2020-04-26 17:04:971 INFO  BrowserSelector :36 - Launching Chrome Browser
2020-04-26 17:04:390 INFO  HomePage :40 - Clicking on Accept Tab : [[ChromeDriver: chrome on WINDOWS (ac8471ca2aed10cc6d31c40d830e8c84)] -> xpath: //span[@class='button-text']]
2020-04-26 17:04:637 INFO  HomePage :46 - Clicking on Account Tab : [[ChromeDriver: chrome on WINDOWS (ac8471ca2aed10cc6d31c40d830e8c84)] -> xpath: //button[@id='header-account-menu']]
2020-04-26 17:04:414 INFO  HomePage :52 - Clicking on Sign In Tab : [[ChromeDriver: chrome on WINDOWS (ac8471ca2aed10cc6d31c40d830e8c84)] -> xpath: //button[@id='header-account-signin-button']]
2020-04-26 17:04:623 INFO  SignInPage :41 - Entering Email Id : JamesB1234@gmail.com [[ChromeDriver: chrome on WINDOWS (ac8471ca2aed10cc6d31c40d830e8c84)] -> id: gss-signin-email]
2020-04-26 17:04:263 INFO  SignInPage :48 - Entering Password  : James123 [[ChromeDriver: chrome on WINDOWS (ac8471ca2aed10cc6d31c40d830e8c84)] -> id: gss-signin-password]
2020-04-26 17:04:552 INFO  SignInPage :54 - Clicking on Sign In Button  : [[ChromeDriver: chrome on WINDOWS (ac8471ca2aed10cc6d31c40d830e8c84)] -> id: gss-signin-submit]
2020-04-26 17:04:33 INFO  SignInPage :59 - Verify My List Tab Message  : My Lists [[ChromeDriver: chrome on WINDOWS (ac8471ca2aed10cc6d31c40d830e8c84)] -> xpath: //span[@class='sp-name']]
2020-04-26 17:04:719 INFO  BrowserSelector :36 - Launching Chrome Browser
2020-04-26 17:04:181 INFO  HomePage :40 - Clicking on Accept Tab : [[ChromeDriver: chrome on WINDOWS (ba9dba5317f7138f21a80b77eb82068e)] -> xpath: //span[@class='button-text']]
2020-04-26 17:04:771 INFO  HomePage :46 - Clicking on Account Tab : [[ChromeDriver: chrome on WINDOWS (ba9dba5317f7138f21a80b77eb82068e)] -> xpath: //button[@id='header-account-menu']]
2020-04-26 17:04:412 INFO  HomePage :52 - Clicking on Sign In Tab : [[ChromeDriver: chrome on WINDOWS (ba9dba5317f7138f21a80b77eb82068e)] -> xpath: //button[@id='header-account-signin-button']]
2020-04-26 17:04:989 INFO  SignInPage :41 - Entering Email Id : RogerB1234@gmail.com [[ChromeDriver: chrome on WINDOWS (ba9dba5317f7138f21a80b77eb82068e)] -> id: gss-signin-email]
2020-04-26 17:04:427 INFO  SignInPage :48 - Entering Password  : James123 [[ChromeDriver: chrome on WINDOWS (ba9dba5317f7138f21a80b77eb82068e)] -> id: gss-signin-password]
2020-04-26 17:04:613 INFO  SignInPage :54 - Clicking on Sign In Button  : [[ChromeDriver: chrome on WINDOWS (ba9dba5317f7138f21a80b77eb82068e)] -> id: gss-signin-submit]
2020-04-26 17:04:913 INFO  SignInPage :67 - Verify Error Message  : You may have entered an unknown email address or an incorrect password [[ChromeDriver: chrome on WINDOWS (ba9dba5317f7138f21a80b77eb82068e)] -> id: gss-signin-incorrect-email-or-password]
2020-04-26 17:04:455 INFO  BrowserSelector :36 - Launching Chrome Browser
2020-04-26 17:04:639 INFO  HomePage :40 - Clicking on Accept Tab : [[ChromeDriver: chrome on WINDOWS (880a195cb2b0753dacb9241c5def5416)] -> xpath: //span[@class='button-text']]
2020-04-26 17:04:58 INFO  HomePage :46 - Clicking on Account Tab : [[ChromeDriver: chrome on WINDOWS (880a195cb2b0753dacb9241c5def5416)] -> xpath: //button[@id='header-account-menu']]
2020-04-26 17:04:757 INFO  HomePage :52 - Clicking on Sign In Tab : [[ChromeDriver: chrome on WINDOWS (880a195cb2b0753dacb9241c5def5416)] -> xpath: //button[@id='header-account-signin-button']]
2020-04-26 17:04:335 INFO  BrowserSelector :36 - Launching Chrome Browser
2020-04-26 17:04:97 INFO  HomePage :40 - Clicking on Accept Tab : [[ChromeDriver: chrome on WINDOWS (089a6bfc3b9fc5cb4df6be410666d8b2)] -> xpath: //span[@class='button-text']]
2020-04-26 17:04:865 INFO  HomePage :46 - Clicking on Account Tab : [[ChromeDriver: chrome on WINDOWS (089a6bfc3b9fc5cb4df6be410666d8b2)] -> xpath: //button[@id='header-account-menu']]
2020-04-26 17:04:742 INFO  HomePage :52 - Clicking on Sign In Tab : [[ChromeDriver: chrome on WINDOWS (089a6bfc3b9fc5cb4df6be410666d8b2)] -> xpath: //button[@id='header-account-signin-button']]
2020-04-26 17:04:160 INFO  SignInPage :41 - Entering Email Id : RogerB1234@gmail.com [[ChromeDriver: chrome on WINDOWS (089a6bfc3b9fc5cb4df6be410666d8b2)] -> id: gss-signin-email]
2020-04-26 17:04:940 INFO  SignInPage :48 - Entering Password  : James123 [[ChromeDriver: chrome on WINDOWS (089a6bfc3b9fc5cb4df6be410666d8b2)] -> id: gss-signin-password]
2020-04-26 17:04:254 INFO  SignInPage :54 - Clicking on Sign In Button  : [[ChromeDriver: chrome on WINDOWS (089a6bfc3b9fc5cb4df6be410666d8b2)] -> id: gss-signin-submit]
2020-04-26 17:04:676 INFO  SignInPage :67 - Verify Error Message  : You may have entered an unknown email address or an incorrect password [[ChromeDriver: chrome on WINDOWS (089a6bfc3b9fc5cb4df6be410666d8b2)] -> id: gss-signin-incorrect-email-or-password]
2020-04-26 17:04:821 INFO  BrowserSelector :36 - Launching Chrome Browser
2020-04-26 17:04:647 INFO  HomePage :40 - Clicking on Accept Tab : [[ChromeDriver: chrome on WINDOWS (e2b454413fa02c86e2d81fc038b761f3)] -> xpath: //span[@class='button-text']]
2020-04-26 17:04:87 INFO  HomePage :46 - Clicking on Account Tab : [[ChromeDriver: chrome on WINDOWS (e2b454413fa02c86e2d81fc038b761f3)] -> xpath: //button[@id='header-account-menu']]
2020-04-26 17:04:172 INFO  HomePage :52 - Clicking on Sign In Tab : [[ChromeDriver: chrome on WINDOWS (e2b454413fa02c86e2d81fc038b761f3)] -> xpath: //button[@id='header-account-signin-button']]
2020-04-26 17:04:573 INFO  SignInPage :41 - Entering Email Id : JamesB1234@gmail.com [[ChromeDriver: chrome on WINDOWS (e2b454413fa02c86e2d81fc038b761f3)] -> id: gss-signin-email]
2020-04-26 17:04:274 INFO  SignInPage :48 - Entering Password  : James123 [[ChromeDriver: chrome on WINDOWS (e2b454413fa02c86e2d81fc038b761f3)] -> id: gss-signin-password]
2020-04-26 17:04:545 INFO  SignInPage :54 - Clicking on Sign In Button  : [[ChromeDriver: chrome on WINDOWS (e2b454413fa02c86e2d81fc038b761f3)] -> id: gss-signin-submit]
2020-04-26 17:04:771 INFO  SignInPage :59 - Verify My List Tab Message  : My Lists [[ChromeDriver: chrome on WINDOWS (e2b454413fa02c86e2d81fc038b761f3)] -> xpath: //span[@class='sp-name']]
2020-04-26 17:04:215 INFO  BrowserSelector :36 - Launching Chrome Browser
2020-04-26 17:04:663 INFO  HomePage :40 - Clicking on Accept Tab : [[ChromeDriver: chrome on WINDOWS (1cab9503529a32295511f501ddd0dff4)] -> xpath: //span[@class='button-text']]
2020-04-26 17:04:59 INFO  HomePage :46 - Clicking on Account Tab : [[ChromeDriver: chrome on WINDOWS (1cab9503529a32295511f501ddd0dff4)] -> xpath: //button[@id='header-account-menu']]
2020-04-26 17:04:779 INFO  HomePage :52 - Clicking on Sign In Tab : [[ChromeDriver: chrome on WINDOWS (1cab9503529a32295511f501ddd0dff4)] -> xpath: //button[@id='header-account-signin-button']]
2020-04-26 17:04:482 INFO  SignInPage :41 - Entering Email Id : RogerB1234@gmail.com [[ChromeDriver: chrome on WINDOWS (1cab9503529a32295511f501ddd0dff4)] -> id: gss-signin-email]
2020-04-26 17:04:993 INFO  SignInPage :48 - Entering Password  : James123 [[ChromeDriver: chrome on WINDOWS (1cab9503529a32295511f501ddd0dff4)] -> id: gss-signin-password]
2020-04-26 17:04:359 INFO  SignInPage :54 - Clicking on Sign In Button  : [[ChromeDriver: chrome on WINDOWS (1cab9503529a32295511f501ddd0dff4)] -> id: gss-signin-submit]
2020-04-26 17:04:599 INFO  SignInPage :67 - Verify Error Message  : You may have entered an unknown email address or an incorrect password [[ChromeDriver: chrome on WINDOWS (1cab9503529a32295511f501ddd0dff4)] -> id: gss-signin-incorrect-email-or-password]
2020-04-26 18:04:300 INFO  BrowserSelector :36 - Launching Chrome Browser
2020-04-26 18:04:272 INFO  HomePage :40 - Clicking on Accept Tab : [[ChromeDriver: chrome on WINDOWS (d4cd370f1f650b8b3f8af68a5269bf6c)] -> xpath: //span[@class='button-text']]
2020-04-26 18:04:976 INFO  HomePage :58 - Clicking on Flights Tab : [[ChromeDriver: chrome on WINDOWS (d4cd370f1f650b8b3f8af68a5269bf6c)] -> xpath: //span[contains(text(),'Flights')]]
2020-04-26 18:04:11 INFO  FlightsPage :67 - Entering Departure date : London Departing Date [[ChromeDriver: chrome on WINDOWS (d4cd370f1f650b8b3f8af68a5269bf6c)] -> xpath: //input[@id='flight-departing-hp-flight']]
2020-04-26 18:04:43 INFO  FlightsPage :60 - Entering Destination City : Delhi On Destination field [[ChromeDriver: chrome on WINDOWS (d4cd370f1f650b8b3f8af68a5269bf6c)] -> xpath: //input[@id='flight-origin-hp-flight']]
2020-04-26 18:04:644 INFO  FlightsPage :67 - Entering Departure date : 07/08/2020 Departing Date [[ChromeDriver: chrome on WINDOWS (d4cd370f1f650b8b3f8af68a5269bf6c)] -> xpath: //input[@id='flight-departing-hp-flight']]
2020-04-26 18:04:06 INFO  FlightsPage :78 - Entering Returning date : 21/05/2020 Returning Date [[ChromeDriver: chrome on WINDOWS (d4cd370f1f650b8b3f8af68a5269bf6c)] -> xpath: //input[@id='flight-returning-hp-flight']]
2020-04-26 18:04:745 INFO  FlightsPage :85 - Clicking  on Travellers Button : [[ChromeDriver: chrome on WINDOWS (d4cd370f1f650b8b3f8af68a5269bf6c)] -> xpath: //div[@class='menu-bar gcw-travel-selector-wrapper']//button[@class='trigger-utility menu-trigger btn-utility btn-secondary dropdown-toggle theme-standard pin-left menu-arrow gcw-component gcw-traveler-amount-select gcw-component-initialized']]
2020-04-26 18:04:458 INFO  FlightsPage :93 - Clicking  on No of Adults Button  : Proxy element for: DefaultElementLocator 'By.xpath: //body[contains(@class,'')]/meso-native-marquee/section[@id='WizardHero']/div[@id='hero-banner']/div[contains(@class,'hero-banner-gradient native-marquee')]/div[contains(@class,'cols-row hero-banner-inner')]/section[@id='wizardSection']/div[contains(@class,'hero-banner-box siteId-3 cf hideClassicDcol')]/div[@id='wizard-tabs']/div[contains(@class,'tabs-container col')]/section[@id='section-flight-tab-hp']/form[@id='gcw-flights-form-hp-flight']/fieldset[contains(@class,'room-data')]/div[contains(@class,'cols-nested')]/div[contains(@class,'ab25184-traveler-wrapper-flight available-for-flights gcw-clear-both')]/div[@id='traveler-selector-hp-flight']/div[contains(@class,'menu-bar gcw-travel-selector-wrapper')]/ul[contains(@class,'menu-bar-inner')]/li[contains(@class,'open')]/div[contains(@class,'menu sticky gcw-menu')]/div[contains(@class,'menu-main')]/div[contains(@class,'traveler-selector-sinlge-room-data traveler-selector-room-data')]/div[contains(@class,'uitk-grid step-input-outside gcw-component gcw-component-step-input gcw-step-input gcw-component-initialized')]/div[contains(@class,'uitk-col all-col-shrink')]/button[contains(@class,'uitk-step-input-button uitk-step-input-plus')]/span[1]//*[local-name()='svg']'
2020-04-26 18:04:545 INFO  FlightsPage :94 - Clicking  on Close Button  : Proxy element for: DefaultElementLocator 'By.xpath: //li[contains(@class,'open')]//button[contains(@class,'close btn-text')]'
2020-04-26 18:04:334 INFO  FlightsPage :100 - Clicking  on Seacrch Button   : [[ChromeDriver: chrome on WINDOWS (d4cd370f1f650b8b3f8af68a5269bf6c)] -> xpath: //form[@id='gcw-flights-form-hp-flight']//button[contains(@class,'btn-primary btn-action gcw-submit')]]
2020-04-26 18:04:517 INFO  FlightsResultPage :27 - Verify Destination City Message  : Proxy element for: DefaultElementLocator 'By.xpath: //span[@class='title-city-text']'
2020-04-26 18:04:368 INFO  BrowserSelector :36 - Launching Chrome Browser
2020-04-26 18:04:414 INFO  HomePage :40 - Clicking on Accept Tab : [[ChromeDriver: chrome on WINDOWS (4325d4ea412bdba209556c8c45ee275d)] -> xpath: //span[@class='button-text']]
2020-04-26 18:04:102 INFO  HomePage :58 - Clicking on Flights Tab : [[ChromeDriver: chrome on WINDOWS (4325d4ea412bdba209556c8c45ee275d)] -> xpath: //span[contains(text(),'Flights')]]
2020-04-26 18:04:400 INFO  FlightsPage :54 - Entering Origin City : London On Flying from field [[ChromeDriver: chrome on WINDOWS (4325d4ea412bdba209556c8c45ee275d)] -> xpath: //input[@id='flight-origin-hp-flight']]
2020-04-26 18:04:490 INFO  FlightsPage :60 - Entering Destination City : Delhi On Destination field [[ChromeDriver: chrome on WINDOWS (4325d4ea412bdba209556c8c45ee275d)] -> xpath: //input[@id='flight-origin-hp-flight']]
2020-04-26 18:04:871 INFO  FlightsPage :67 - Entering Departure date : 07/08/2020 Departing Date [[ChromeDriver: chrome on WINDOWS (4325d4ea412bdba209556c8c45ee275d)] -> xpath: //input[@id='flight-departing-hp-flight']]
2020-04-26 18:04:481 INFO  FlightsPage :78 - Entering Returning date : 21/05/2020 Returning Date [[ChromeDriver: chrome on WINDOWS (4325d4ea412bdba209556c8c45ee275d)] -> xpath: //input[@id='flight-returning-hp-flight']]
2020-04-26 18:04:95 INFO  FlightsPage :85 - Clicking  on Travellers Button : [[ChromeDriver: chrome on WINDOWS (4325d4ea412bdba209556c8c45ee275d)] -> xpath: //div[@class='menu-bar gcw-travel-selector-wrapper']//button[@class='trigger-utility menu-trigger btn-utility btn-secondary dropdown-toggle theme-standard pin-left menu-arrow gcw-component gcw-traveler-amount-select gcw-component-initialized']]
2020-04-26 18:04:874 INFO  FlightsPage :93 - Clicking  on No of Adults Button  : Proxy element for: DefaultElementLocator 'By.xpath: //body[contains(@class,'')]/meso-native-marquee/section[@id='WizardHero']/div[@id='hero-banner']/div[contains(@class,'hero-banner-gradient native-marquee')]/div[contains(@class,'cols-row hero-banner-inner')]/section[@id='wizardSection']/div[contains(@class,'hero-banner-box siteId-3 cf hideClassicDcol')]/div[@id='wizard-tabs']/div[contains(@class,'tabs-container col')]/section[@id='section-flight-tab-hp']/form[@id='gcw-flights-form-hp-flight']/fieldset[contains(@class,'room-data')]/div[contains(@class,'cols-nested')]/div[contains(@class,'ab25184-traveler-wrapper-flight available-for-flights gcw-clear-both')]/div[@id='traveler-selector-hp-flight']/div[contains(@class,'menu-bar gcw-travel-selector-wrapper')]/ul[contains(@class,'menu-bar-inner')]/li[contains(@class,'open')]/div[contains(@class,'menu sticky gcw-menu')]/div[contains(@class,'menu-main')]/div[contains(@class,'traveler-selector-sinlge-room-data traveler-selector-room-data')]/div[contains(@class,'uitk-grid step-input-outside gcw-component gcw-component-step-input gcw-step-input gcw-component-initialized')]/div[contains(@class,'uitk-col all-col-shrink')]/button[contains(@class,'uitk-step-input-button uitk-step-input-plus')]/span[1]//*[local-name()='svg']'
2020-04-26 18:04:52 INFO  FlightsPage :94 - Clicking  on Close Button  : Proxy element for: DefaultElementLocator 'By.xpath: //li[contains(@class,'open')]//button[contains(@class,'close btn-text')]'
2020-04-26 18:04:267 INFO  FlightsPage :100 - Clicking  on Seacrch Button   : Proxy element for: DefaultElementLocator 'By.xpath: //form[@id='gcw-flights-form-hp-flight']//button[contains(@class,'btn-primary btn-action gcw-submit')]'
2020-04-26 18:04:469 INFO  FlightsResultPage :27 - Verify Destination City Message  : [[ChromeDriver: chrome on WINDOWS (4325d4ea412bdba209556c8c45ee275d)] -> xpath: //span[@class='title-city-text']]
2020-04-26 18:04:920 INFO  BrowserSelector :36 - Launching Chrome Browser
2020-04-26 18:04:97 INFO  HomePage :40 - Clicking on Accept Tab : [[ChromeDriver: chrome on WINDOWS (97588c24a1449bf56211b32b0afcb82c)] -> xpath: //span[@class='button-text']]
2020-04-26 18:04:992 INFO  HomePage :58 - Clicking on Flights Tab : [[ChromeDriver: chrome on WINDOWS (97588c24a1449bf56211b32b0afcb82c)] -> xpath: //span[contains(text(),'Flights')]]
2020-04-26 18:04:449 INFO  FlightsPage :54 - Entering Origin City : Washington On Flying from field [[ChromeDriver: chrome on WINDOWS (97588c24a1449bf56211b32b0afcb82c)] -> xpath: //input[@id='flight-origin-hp-flight']]
2020-04-26 18:04:85 INFO  FlightsPage :60 - Entering Destination City : Mount Gambier On Destination field [[ChromeDriver: chrome on WINDOWS (97588c24a1449bf56211b32b0afcb82c)] -> xpath: //input[@id='flight-origin-hp-flight']]
2020-04-26 18:04:204 INFO  FlightsPage :67 - Entering Departure date : 07/08/2020 Departing Date [[ChromeDriver: chrome on WINDOWS (97588c24a1449bf56211b32b0afcb82c)] -> xpath: //input[@id='flight-departing-hp-flight']]
2020-04-26 18:04:349 INFO  FlightsPage :78 - Entering Returning date : 21/08/2020 Returning Date [[ChromeDriver: chrome on WINDOWS (97588c24a1449bf56211b32b0afcb82c)] -> xpath: //input[@id='flight-returning-hp-flight']]
2020-04-26 18:04:737 INFO  FlightsPage :85 - Clicking  on Travellers Button : [[ChromeDriver: chrome on WINDOWS (97588c24a1449bf56211b32b0afcb82c)] -> xpath: //div[@class='menu-bar gcw-travel-selector-wrapper']//button[@class='trigger-utility menu-trigger btn-utility btn-secondary dropdown-toggle theme-standard pin-left menu-arrow gcw-component gcw-traveler-amount-select gcw-component-initialized']]
2020-04-26 18:04:437 INFO  FlightsPage :93 - Clicking  on No of Adults Button  : Proxy element for: DefaultElementLocator 'By.xpath: //body[contains(@class,'')]/meso-native-marquee/section[@id='WizardHero']/div[@id='hero-banner']/div[contains(@class,'hero-banner-gradient native-marquee')]/div[contains(@class,'cols-row hero-banner-inner')]/section[@id='wizardSection']/div[contains(@class,'hero-banner-box siteId-3 cf hideClassicDcol')]/div[@id='wizard-tabs']/div[contains(@class,'tabs-container col')]/section[@id='section-flight-tab-hp']/form[@id='gcw-flights-form-hp-flight']/fieldset[contains(@class,'room-data')]/div[contains(@class,'cols-nested')]/div[contains(@class,'ab25184-traveler-wrapper-flight available-for-flights gcw-clear-both')]/div[@id='traveler-selector-hp-flight']/div[contains(@class,'menu-bar gcw-travel-selector-wrapper')]/ul[contains(@class,'menu-bar-inner')]/li[contains(@class,'open')]/div[contains(@class,'menu sticky gcw-menu')]/div[contains(@class,'menu-main')]/div[contains(@class,'traveler-selector-sinlge-room-data traveler-selector-room-data')]/div[contains(@class,'uitk-grid step-input-outside gcw-component gcw-component-step-input gcw-step-input gcw-component-initialized')]/div[contains(@class,'uitk-col all-col-shrink')]/button[contains(@class,'uitk-step-input-button uitk-step-input-plus')]/span[1]//*[local-name()='svg']'
2020-04-26 18:04:482 INFO  FlightsPage :94 - Clicking  on Close Button  : Proxy element for: DefaultElementLocator 'By.xpath: //li[contains(@class,'open')]//button[contains(@class,'close btn-text')]'
2020-04-26 18:04:601 INFO  FlightsPage :100 - Clicking  on Seacrch Button   : Proxy element for: DefaultElementLocator 'By.xpath: //form[@id='gcw-flights-form-hp-flight']//button[contains(@class,'btn-primary btn-action gcw-submit')]'
2020-04-26 18:04:679 INFO  FlightsResultPage :37 - Verify Error Message  : [[ChromeDriver: chrome on WINDOWS (97588c24a1449bf56211b32b0afcb82c)] -> xpath: //div[@class='bold announce-able']]
2020-04-26 18:04:424 INFO  BrowserSelector :36 - Launching Chrome Browser
2020-04-26 18:04:445 INFO  HomePage :40 - Clicking on Accept Tab : [[ChromeDriver: chrome on WINDOWS (9fdb18f25a4e4d8750087ffea1228ab6)] -> xpath: //span[@class='button-text']]
2020-04-26 18:04:264 INFO  HomePage :58 - Clicking on Flights Tab : [[ChromeDriver: chrome on WINDOWS (9fdb18f25a4e4d8750087ffea1228ab6)] -> xpath: //span[contains(text(),'Flights')]]
2020-04-26 18:04:564 INFO  FlightsPage :54 - Entering Origin City : London On Flying from field [[ChromeDriver: chrome on WINDOWS (9fdb18f25a4e4d8750087ffea1228ab6)] -> xpath: //input[@id='flight-origin-hp-flight']]
2020-04-26 18:04:663 INFO  FlightsPage :60 - Entering Destination City : Delhi On Destination field [[ChromeDriver: chrome on WINDOWS (9fdb18f25a4e4d8750087ffea1228ab6)] -> xpath: //input[@id='flight-origin-hp-flight']]
2020-04-26 18:04:984 INFO  FlightsPage :67 - Entering Departure date : 07/08/2020 Departing Date [[ChromeDriver: chrome on WINDOWS (9fdb18f25a4e4d8750087ffea1228ab6)] -> xpath: //input[@id='flight-departing-hp-flight']]
2020-04-26 18:04:551 INFO  FlightsPage :78 - Entering Returning date : 21/08/2020 Returning Date [[ChromeDriver: chrome on WINDOWS (9fdb18f25a4e4d8750087ffea1228ab6)] -> xpath: //input[@id='flight-returning-hp-flight']]
2020-04-26 18:04:934 INFO  FlightsPage :85 - Clicking  on Travellers Button : [[ChromeDriver: chrome on WINDOWS (9fdb18f25a4e4d8750087ffea1228ab6)] -> xpath: //div[@class='menu-bar gcw-travel-selector-wrapper']//button[@class='trigger-utility menu-trigger btn-utility btn-secondary dropdown-toggle theme-standard pin-left menu-arrow gcw-component gcw-traveler-amount-select gcw-component-initialized']]
2020-04-26 18:04:662 INFO  FlightsPage :93 - Clicking  on No of Adults Button  : Proxy element for: DefaultElementLocator 'By.xpath: //body[contains(@class,'')]/meso-native-marquee/section[@id='WizardHero']/div[@id='hero-banner']/div[contains(@class,'hero-banner-gradient native-marquee')]/div[contains(@class,'cols-row hero-banner-inner')]/section[@id='wizardSection']/div[contains(@class,'hero-banner-box siteId-3 cf hideClassicDcol')]/div[@id='wizard-tabs']/div[contains(@class,'tabs-container col')]/section[@id='section-flight-tab-hp']/form[@id='gcw-flights-form-hp-flight']/fieldset[contains(@class,'room-data')]/div[contains(@class,'cols-nested')]/div[contains(@class,'ab25184-traveler-wrapper-flight available-for-flights gcw-clear-both')]/div[@id='traveler-selector-hp-flight']/div[contains(@class,'menu-bar gcw-travel-selector-wrapper')]/ul[contains(@class,'menu-bar-inner')]/li[contains(@class,'open')]/div[contains(@class,'menu sticky gcw-menu')]/div[contains(@class,'menu-main')]/div[contains(@class,'traveler-selector-sinlge-room-data traveler-selector-room-data')]/div[contains(@class,'uitk-grid step-input-outside gcw-component gcw-component-step-input gcw-step-input gcw-component-initialized')]/div[contains(@class,'uitk-col all-col-shrink')]/button[contains(@class,'uitk-step-input-button uitk-step-input-plus')]/span[1]//*[local-name()='svg']'
2020-04-26 18:04:691 INFO  FlightsPage :94 - Clicking  on Close Button  : Proxy element for: DefaultElementLocator 'By.xpath: //li[contains(@class,'open')]//button[contains(@class,'close btn-text')]'
2020-04-26 18:04:108 INFO  FlightsPage :100 - Clicking  on Seacrch Button   : Proxy element for: DefaultElementLocator 'By.xpath: //form[@id='gcw-flights-form-hp-flight']//button[contains(@class,'btn-primary btn-action gcw-submit')]'
2020-04-26 18:04:896 INFO  FlightsResultPage :30 - Verify Destination City Message  : [[ChromeDriver: chrome on WINDOWS (9fdb18f25a4e4d8750087ffea1228ab6)] -> xpath: //span[@class='title-city-text']]
2020-04-26 18:04:531 INFO  BrowserSelector :36 - Launching Chrome Browser
2020-04-26 18:04:943 INFO  HomePage :40 - Clicking on Accept Tab : [[ChromeDriver: chrome on WINDOWS (fb08ad3851bb6cc78847f861827c82e6)] -> xpath: //span[@class='button-text']]
2020-04-26 18:04:818 INFO  HomePage :58 - Clicking on Flights Tab : [[ChromeDriver: chrome on WINDOWS (fb08ad3851bb6cc78847f861827c82e6)] -> xpath: //span[contains(text(),'Flights')]]
2020-04-26 18:04:250 INFO  FlightsPage :54 - Entering Origin City : Washington On Flying from field [[ChromeDriver: chrome on WINDOWS (fb08ad3851bb6cc78847f861827c82e6)] -> xpath: //input[@id='flight-origin-hp-flight']]
2020-04-26 18:04:649 INFO  FlightsPage :60 - Entering Destination City : Mount Gambier On Destination field [[ChromeDriver: chrome on WINDOWS (fb08ad3851bb6cc78847f861827c82e6)] -> xpath: //input[@id='flight-origin-hp-flight']]
2020-04-26 18:04:793 INFO  FlightsPage :67 - Entering Departure date : 07/08/2020 Departing Date [[ChromeDriver: chrome on WINDOWS (fb08ad3851bb6cc78847f861827c82e6)] -> xpath: //input[@id='flight-departing-hp-flight']]
2020-04-26 18:04:926 INFO  FlightsPage :78 - Entering Returning date : 21/08/2020 Returning Date [[ChromeDriver: chrome on WINDOWS (fb08ad3851bb6cc78847f861827c82e6)] -> xpath: //input[@id='flight-returning-hp-flight']]
2020-04-26 18:04:318 INFO  FlightsPage :85 - Clicking  on Travellers Button : [[ChromeDriver: chrome on WINDOWS (fb08ad3851bb6cc78847f861827c82e6)] -> xpath: //div[@class='menu-bar gcw-travel-selector-wrapper']//button[@class='trigger-utility menu-trigger btn-utility btn-secondary dropdown-toggle theme-standard pin-left menu-arrow gcw-component gcw-traveler-amount-select gcw-component-initialized']]
2020-04-26 18:04:53 INFO  FlightsPage :93 - Clicking  on No of Adults Button  : Proxy element for: DefaultElementLocator 'By.xpath: //body[contains(@class,'')]/meso-native-marquee/section[@id='WizardHero']/div[@id='hero-banner']/div[contains(@class,'hero-banner-gradient native-marquee')]/div[contains(@class,'cols-row hero-banner-inner')]/section[@id='wizardSection']/div[contains(@class,'hero-banner-box siteId-3 cf hideClassicDcol')]/div[@id='wizard-tabs']/div[contains(@class,'tabs-container col')]/section[@id='section-flight-tab-hp']/form[@id='gcw-flights-form-hp-flight']/fieldset[contains(@class,'room-data')]/div[contains(@class,'cols-nested')]/div[contains(@class,'ab25184-traveler-wrapper-flight available-for-flights gcw-clear-both')]/div[@id='traveler-selector-hp-flight']/div[contains(@class,'menu-bar gcw-travel-selector-wrapper')]/ul[contains(@class,'menu-bar-inner')]/li[contains(@class,'open')]/div[contains(@class,'menu sticky gcw-menu')]/div[contains(@class,'menu-main')]/div[contains(@class,'traveler-selector-sinlge-room-data traveler-selector-room-data')]/div[contains(@class,'uitk-grid step-input-outside gcw-component gcw-component-step-input gcw-step-input gcw-component-initialized')]/div[contains(@class,'uitk-col all-col-shrink')]/button[contains(@class,'uitk-step-input-button uitk-step-input-plus')]/span[1]//*[local-name()='svg']'
2020-04-26 18:04:135 INFO  FlightsPage :94 - Clicking  on Close Button  : Proxy element for: DefaultElementLocator 'By.xpath: //li[contains(@class,'open')]//button[contains(@class,'close btn-text')]'
2020-04-26 18:04:750 INFO  FlightsPage :100 - Clicking  on Seacrch Button   : Proxy element for: DefaultElementLocator 'By.xpath: //form[@id='gcw-flights-form-hp-flight']//button[contains(@class,'btn-primary btn-action gcw-submit')]'
2020-04-26 18:04:829 INFO  FlightsResultPage :37 - Verify Error Message  : [[ChromeDriver: chrome on WINDOWS (fb08ad3851bb6cc78847f861827c82e6)] -> xpath: //div[@class='bold announce-able']]
2020-04-26 18:04:408 INFO  BrowserSelector :36 - Launching Chrome Browser
2020-04-26 18:04:500 INFO  HomePage :40 - Clicking on Accept Tab : [[ChromeDriver: chrome on WINDOWS (629167dd1b6acd6c20d1a08fae733dd4)] -> xpath: //span[@class='button-text']]
2020-04-26 18:04:340 INFO  HomePage :46 - Clicking on Account Tab : [[ChromeDriver: chrome on WINDOWS (629167dd1b6acd6c20d1a08fae733dd4)] -> xpath: //button[@id='header-account-menu']]
2020-04-26 18:04:253 INFO  HomePage :52 - Clicking on Sign In Tab : [[ChromeDriver: chrome on WINDOWS (629167dd1b6acd6c20d1a08fae733dd4)] -> xpath: //button[@id='header-account-signin-button']]
2020-04-26 18:04:256 INFO  SignInPage :41 - Entering Email Id : JamesB1234@gmail.com [[ChromeDriver: chrome on WINDOWS (629167dd1b6acd6c20d1a08fae733dd4)] -> id: gss-signin-email]
2020-04-26 18:04:950 INFO  SignInPage :48 - Entering Password  : James123 [[ChromeDriver: chrome on WINDOWS (629167dd1b6acd6c20d1a08fae733dd4)] -> id: gss-signin-password]
2020-04-26 18:04:247 INFO  SignInPage :54 - Clicking on Sign In Button  : [[ChromeDriver: chrome on WINDOWS (629167dd1b6acd6c20d1a08fae733dd4)] -> id: gss-signin-submit]
2020-04-26 18:04:482 INFO  SignInPage :59 - Verify My List Tab Message  : My Lists [[ChromeDriver: chrome on WINDOWS (629167dd1b6acd6c20d1a08fae733dd4)] -> xpath: //span[@class='sp-name']]
2020-04-26 18:04:844 INFO  BrowserSelector :36 - Launching Chrome Browser
2020-04-26 18:04:445 INFO  HomePage :40 - Clicking on Accept Tab : [[ChromeDriver: chrome on WINDOWS (9e1da19ede2275eccf86a765d5f5f7ed)] -> xpath: //span[@class='button-text']]
2020-04-26 18:04:896 INFO  HomePage :46 - Clicking on Account Tab : [[ChromeDriver: chrome on WINDOWS (9e1da19ede2275eccf86a765d5f5f7ed)] -> xpath: //button[@id='header-account-menu']]
2020-04-26 18:04:750 INFO  HomePage :52 - Clicking on Sign In Tab : [[ChromeDriver: chrome on WINDOWS (9e1da19ede2275eccf86a765d5f5f7ed)] -> xpath: //button[@id='header-account-signin-button']]
2020-04-26 18:04:132 INFO  SignInPage :41 - Entering Email Id : RogerB1234@gmail.com [[ChromeDriver: chrome on WINDOWS (9e1da19ede2275eccf86a765d5f5f7ed)] -> id: gss-signin-email]
2020-04-26 18:04:862 INFO  SignInPage :48 - Entering Password  : Roger123 [[ChromeDriver: chrome on WINDOWS (9e1da19ede2275eccf86a765d5f5f7ed)] -> id: gss-signin-password]
2020-04-26 18:04:166 INFO  SignInPage :54 - Clicking on Sign In Button  : [[ChromeDriver: chrome on WINDOWS (9e1da19ede2275eccf86a765d5f5f7ed)] -> id: gss-signin-submit]
2020-04-26 18:04:332 INFO  SignInPage :67 - Verify Error Message  : You may have entered an unknown email address or an incorrect password [[ChromeDriver: chrome on WINDOWS (9e1da19ede2275eccf86a765d5f5f7ed)] -> id: gss-signin-incorrect-email-or-password]
2020-04-26 21:04:39 INFO  BrowserSelector :36 - Launching Chrome Browser
2020-04-26 21:04:764 INFO  HomePage :40 - Clicking on Accept Tab : [[ChromeDriver: chrome on WINDOWS (8042d57618ab1bc17d7bd8a983800b02)] -> xpath: //span[@class='button-text']]
2020-04-26 21:04:336 INFO  HomePage :46 - Clicking on Account Tab : [[ChromeDriver: chrome on WINDOWS (8042d57618ab1bc17d7bd8a983800b02)] -> xpath: //button[@id='header-account-menu']]
2020-04-26 21:04:772 INFO  HomePage :52 - Clicking on Sign In Tab : [[ChromeDriver: chrome on WINDOWS (8042d57618ab1bc17d7bd8a983800b02)] -> xpath: //button[@id='header-account-signin-button']]
2020-04-26 21:04:40 INFO  SignInPage :45 - Entering Email Id : JamesB1234@gmail.com [[ChromeDriver: chrome on WINDOWS (8042d57618ab1bc17d7bd8a983800b02)] -> id: gss-signin-email]
2020-04-26 21:04:719 INFO  SignInPage :52 - Entering Password  : James123 [[ChromeDriver: chrome on WINDOWS (8042d57618ab1bc17d7bd8a983800b02)] -> id: gss-signin-password]
2020-04-26 21:04:73 INFO  SignInPage :58 - Clicking on Sign In Button  : [[ChromeDriver: chrome on WINDOWS (8042d57618ab1bc17d7bd8a983800b02)] -> id: gss-signin-submit]
2020-04-26 21:04:741 INFO  SignInPage :71 - Verify Hello Message  :  [[ChromeDriver: chrome on WINDOWS (8042d57618ab1bc17d7bd8a983800b02)] -> xpath: //button[@id='header-account-menu-signed-in']]
2020-04-26 21:04:279 INFO  BrowserSelector :36 - Launching Chrome Browser
2020-04-26 21:04:734 INFO  HomePage :40 - Clicking on Accept Tab : [[ChromeDriver: chrome on WINDOWS (d1ae0435c110fff24ea4486e5acbfc27)] -> xpath: //span[@class='button-text']]
2020-04-26 21:04:242 INFO  HomePage :46 - Clicking on Account Tab : [[ChromeDriver: chrome on WINDOWS (d1ae0435c110fff24ea4486e5acbfc27)] -> xpath: //button[@id='header-account-menu']]
2020-04-26 21:04:289 INFO  HomePage :52 - Clicking on Sign In Tab : [[ChromeDriver: chrome on WINDOWS (d1ae0435c110fff24ea4486e5acbfc27)] -> xpath: //button[@id='header-account-signin-button']]
2020-04-26 21:04:784 INFO  SignInPage :45 - Entering Email Id : JamesB1234@gmail.com [[ChromeDriver: chrome on WINDOWS (d1ae0435c110fff24ea4486e5acbfc27)] -> id: gss-signin-email]
2020-04-26 21:04:586 INFO  SignInPage :52 - Entering Password  : James123 [[ChromeDriver: chrome on WINDOWS (d1ae0435c110fff24ea4486e5acbfc27)] -> id: gss-signin-password]
2020-04-26 21:04:954 INFO  SignInPage :58 - Clicking on Sign In Button  : [[ChromeDriver: chrome on WINDOWS (d1ae0435c110fff24ea4486e5acbfc27)] -> id: gss-signin-submit]
2020-04-26 21:04:354 INFO  SignInPage :71 - Verify Hello Message  :  [[ChromeDriver: chrome on WINDOWS (d1ae0435c110fff24ea4486e5acbfc27)] -> xpath: //button[@id='header-account-menu-signed-in']]
2020-04-26 21:04:797 INFO  BrowserSelector :36 - Launching Chrome Browser
2020-04-26 21:04:444 INFO  HomePage :40 - Clicking on Accept Tab : [[ChromeDriver: chrome on WINDOWS (3e2cf072bb1c4d17e16555e3218880a8)] -> xpath: //span[@class='button-text']]
2020-04-26 21:04:176 INFO  HomePage :46 - Clicking on Account Tab : [[ChromeDriver: chrome on WINDOWS (3e2cf072bb1c4d17e16555e3218880a8)] -> xpath: //button[@id='header-account-menu']]
2020-04-26 21:04:594 INFO  HomePage :52 - Clicking on Sign In Tab : [[ChromeDriver: chrome on WINDOWS (3e2cf072bb1c4d17e16555e3218880a8)] -> xpath: //button[@id='header-account-signin-button']]
2020-04-26 21:04:112 INFO  SignInPage :45 - Entering Email Id : JamesB1234@gmail.com [[ChromeDriver: chrome on WINDOWS (3e2cf072bb1c4d17e16555e3218880a8)] -> id: gss-signin-email]
2020-04-26 21:04:56 INFO  SignInPage :52 - Entering Password  : James123 [[ChromeDriver: chrome on WINDOWS (3e2cf072bb1c4d17e16555e3218880a8)] -> id: gss-signin-password]
2020-04-26 21:04:897 INFO  SignInPage :58 - Clicking on Sign In Button  : [[ChromeDriver: chrome on WINDOWS (3e2cf072bb1c4d17e16555e3218880a8)] -> id: gss-signin-submit]
2020-04-26 21:04:171 INFO  SignInPage :63 - Verify My List Tab Message  : My Lists [[ChromeDriver: chrome on WINDOWS (3e2cf072bb1c4d17e16555e3218880a8)] -> xpath: //span[@class='sp-name']]
2020-04-26 22:04:393 INFO  BrowserSelector :36 - Launching Chrome Browser
2020-04-26 22:04:126 INFO  HomePage :40 - Clicking on Accept Tab : [[ChromeDriver: chrome on WINDOWS (18d500798e5a1e0be2410be62d483047)] -> xpath: //span[@class='button-text']]
2020-04-26 22:04:852 INFO  HomePage :58 - Clicking on Flights Tab : [[ChromeDriver: chrome on WINDOWS (18d500798e5a1e0be2410be62d483047)] -> xpath: //span[contains(text(),'Flights')]]
2020-04-26 22:04:778 INFO  FlightsPage :54 - Entering Origin City : London On Flying from field [[ChromeDriver: chrome on WINDOWS (18d500798e5a1e0be2410be62d483047)] -> xpath: //input[@id='flight-origin-hp-flight']]
2020-04-26 22:04:592 INFO  FlightsPage :60 - Entering Destination City : Delhi On Destination field [[ChromeDriver: chrome on WINDOWS (18d500798e5a1e0be2410be62d483047)] -> xpath: //input[@id='flight-origin-hp-flight']]
2020-04-26 22:04:808 INFO  FlightsPage :67 - Entering Departure date : 07/08/2020 Departing Date [[ChromeDriver: chrome on WINDOWS (18d500798e5a1e0be2410be62d483047)] -> xpath: //input[@id='flight-departing-hp-flight']]
2020-04-26 22:04:501 INFO  FlightsPage :78 - Entering Returning date : 21/08/2020 Returning Date [[ChromeDriver: chrome on WINDOWS (18d500798e5a1e0be2410be62d483047)] -> xpath: //input[@id='flight-returning-hp-flight']]
2020-04-26 22:04:890 INFO  FlightsPage :85 - Clicking  on Travellers Button : [[ChromeDriver: chrome on WINDOWS (18d500798e5a1e0be2410be62d483047)] -> xpath: //div[@class='menu-bar gcw-travel-selector-wrapper']//button[@class='trigger-utility menu-trigger btn-utility btn-secondary dropdown-toggle theme-standard pin-left menu-arrow gcw-component gcw-traveler-amount-select gcw-component-initialized']]
2020-04-26 22:04:578 INFO  FlightsPage :93 - Clicking  on No of Adults Button  : Proxy element for: DefaultElementLocator 'By.xpath: //body[contains(@class,'')]/meso-native-marquee/section[@id='WizardHero']/div[@id='hero-banner']/div[contains(@class,'hero-banner-gradient native-marquee')]/div[contains(@class,'cols-row hero-banner-inner')]/section[@id='wizardSection']/div[contains(@class,'hero-banner-box siteId-3 cf hideClassicDcol')]/div[@id='wizard-tabs']/div[contains(@class,'tabs-container col')]/section[@id='section-flight-tab-hp']/form[@id='gcw-flights-form-hp-flight']/fieldset[contains(@class,'room-data')]/div[contains(@class,'cols-nested')]/div[contains(@class,'ab25184-traveler-wrapper-flight available-for-flights gcw-clear-both')]/div[@id='traveler-selector-hp-flight']/div[contains(@class,'menu-bar gcw-travel-selector-wrapper')]/ul[contains(@class,'menu-bar-inner')]/li[contains(@class,'open')]/div[contains(@class,'menu sticky gcw-menu')]/div[contains(@class,'menu-main')]/div[contains(@class,'traveler-selector-sinlge-room-data traveler-selector-room-data')]/div[contains(@class,'uitk-grid step-input-outside gcw-component gcw-component-step-input gcw-step-input gcw-component-initialized')]/div[contains(@class,'uitk-col all-col-shrink')]/button[contains(@class,'uitk-step-input-button uitk-step-input-plus')]/span[1]//*[local-name()='svg']'
2020-04-26 22:04:616 INFO  FlightsPage :94 - Clicking  on Close Button  : Proxy element for: DefaultElementLocator 'By.xpath: //li[contains(@class,'open')]//button[contains(@class,'close btn-text')]'
2020-04-26 22:04:353 INFO  FlightsPage :100 - Clicking  on Seacrch Button   : Proxy element for: DefaultElementLocator 'By.xpath: //form[@id='gcw-flights-form-hp-flight']//button[contains(@class,'btn-primary btn-action gcw-submit')]'
2020-04-26 22:04:448 INFO  FlightsResultPage :30 - Verify Destination City Message  : [[ChromeDriver: chrome on WINDOWS (18d500798e5a1e0be2410be62d483047)] -> xpath: //span[@class='title-city-text']]
2020-04-26 22:04:182 INFO  BrowserSelector :36 - Launching Chrome Browser
2020-04-26 22:04:238 INFO  HomePage :40 - Clicking on Accept Tab : [[ChromeDriver: chrome on WINDOWS (cdebcac52b75d645975a30689489b9cc)] -> xpath: //span[@class='button-text']]
2020-04-26 22:04:288 INFO  HomePage :58 - Clicking on Flights Tab : [[ChromeDriver: chrome on WINDOWS (cdebcac52b75d645975a30689489b9cc)] -> xpath: //span[contains(text(),'Flights')]]
2020-04-26 22:04:953 INFO  FlightsPage :54 - Entering Origin City : Washington On Flying from field [[ChromeDriver: chrome on WINDOWS (cdebcac52b75d645975a30689489b9cc)] -> xpath: //input[@id='flight-origin-hp-flight']]
2020-04-26 22:04:374 INFO  FlightsPage :60 - Entering Destination City : Mount Gambier On Destination field [[ChromeDriver: chrome on WINDOWS (cdebcac52b75d645975a30689489b9cc)] -> xpath: //input[@id='flight-origin-hp-flight']]
2020-04-26 22:04:789 INFO  FlightsPage :67 - Entering Departure date : 07/08/2020 Departing Date [[ChromeDriver: chrome on WINDOWS (cdebcac52b75d645975a30689489b9cc)] -> xpath: //input[@id='flight-departing-hp-flight']]
2020-04-26 22:04:989 INFO  FlightsPage :78 - Entering Returning date : 21/08/2020 Returning Date [[ChromeDriver: chrome on WINDOWS (cdebcac52b75d645975a30689489b9cc)] -> xpath: //input[@id='flight-returning-hp-flight']]
2020-04-26 22:04:339 INFO  FlightsPage :85 - Clicking  on Travellers Button : [[ChromeDriver: chrome on WINDOWS (cdebcac52b75d645975a30689489b9cc)] -> xpath: //div[@class='menu-bar gcw-travel-selector-wrapper']//button[@class='trigger-utility menu-trigger btn-utility btn-secondary dropdown-toggle theme-standard pin-left menu-arrow gcw-component gcw-traveler-amount-select gcw-component-initialized']]
2020-04-26 22:04:987 INFO  FlightsPage :93 - Clicking  on No of Adults Button  : Proxy element for: DefaultElementLocator 'By.xpath: //body[contains(@class,'')]/meso-native-marquee/section[@id='WizardHero']/div[@id='hero-banner']/div[contains(@class,'hero-banner-gradient native-marquee')]/div[contains(@class,'cols-row hero-banner-inner')]/section[@id='wizardSection']/div[contains(@class,'hero-banner-box siteId-3 cf hideClassicDcol')]/div[@id='wizard-tabs']/div[contains(@class,'tabs-container col')]/section[@id='section-flight-tab-hp']/form[@id='gcw-flights-form-hp-flight']/fieldset[contains(@class,'room-data')]/div[contains(@class,'cols-nested')]/div[contains(@class,'ab25184-traveler-wrapper-flight available-for-flights gcw-clear-both')]/div[@id='traveler-selector-hp-flight']/div[contains(@class,'menu-bar gcw-travel-selector-wrapper')]/ul[contains(@class,'menu-bar-inner')]/li[contains(@class,'open')]/div[contains(@class,'menu sticky gcw-menu')]/div[contains(@class,'menu-main')]/div[contains(@class,'traveler-selector-sinlge-room-data traveler-selector-room-data')]/div[contains(@class,'uitk-grid step-input-outside gcw-component gcw-component-step-input gcw-step-input gcw-component-initialized')]/div[contains(@class,'uitk-col all-col-shrink')]/button[contains(@class,'uitk-step-input-button uitk-step-input-plus')]/span[1]//*[local-name()='svg']'
2020-04-26 22:04:38 INFO  FlightsPage :94 - Clicking  on Close Button  : Proxy element for: DefaultElementLocator 'By.xpath: //li[contains(@class,'open')]//button[contains(@class,'close btn-text')]'
2020-04-26 22:04:335 INFO  FlightsPage :100 - Clicking  on Seacrch Button   : Proxy element for: DefaultElementLocator 'By.xpath: //form[@id='gcw-flights-form-hp-flight']//button[contains(@class,'btn-primary btn-action gcw-submit')]'
2020-04-26 22:04:409 INFO  FlightsResultPage :37 - Verify Error Message  : [[ChromeDriver: chrome on WINDOWS (cdebcac52b75d645975a30689489b9cc)] -> xpath: //div[@class='bold announce-able']]
2020-04-26 22:04:407 INFO  BrowserSelector :36 - Launching Chrome Browser
2020-04-26 22:04:306 INFO  HomePage :40 - Clicking on Accept Tab : [[ChromeDriver: chrome on WINDOWS (e6acb8c1bab1cc6e85b783d17975dd8c)] -> xpath: //span[@class='button-text']]
2020-04-26 22:04:790 INFO  HomePage :46 - Clicking on Account Tab : [[ChromeDriver: chrome on WINDOWS (e6acb8c1bab1cc6e85b783d17975dd8c)] -> xpath: //button[@id='header-account-menu']]
2020-04-26 22:04:818 INFO  HomePage :52 - Clicking on Sign In Tab : [[ChromeDriver: chrome on WINDOWS (e6acb8c1bab1cc6e85b783d17975dd8c)] -> xpath: //button[@id='header-account-signin-button']]
2020-04-26 22:04:742 INFO  SignInPage :45 - Entering Email Id : JamesB1234@gmail.com [[ChromeDriver: chrome on WINDOWS (e6acb8c1bab1cc6e85b783d17975dd8c)] -> id: gss-signin-email]
2020-04-26 22:04:425 INFO  SignInPage :52 - Entering Password  : James123 [[ChromeDriver: chrome on WINDOWS (e6acb8c1bab1cc6e85b783d17975dd8c)] -> id: gss-signin-password]
2020-04-26 22:04:955 INFO  SignInPage :58 - Clicking on Sign In Button  : [[ChromeDriver: chrome on WINDOWS (e6acb8c1bab1cc6e85b783d17975dd8c)] -> id: gss-signin-submit]
2020-04-26 22:04:254 INFO  SignInPage :63 - Verify My List Tab Message  : My Lists [[ChromeDriver: chrome on WINDOWS (e6acb8c1bab1cc6e85b783d17975dd8c)] -> xpath: //span[@class='sp-name']]
2020-04-26 22:04:501 INFO  BrowserSelector :36 - Launching Chrome Browser
2020-04-26 22:04:612 INFO  HomePage :40 - Clicking on Accept Tab : [[ChromeDriver: chrome on WINDOWS (5edc2ae30658bf436516201e68e85d63)] -> xpath: //span[@class='button-text']]
2020-04-26 22:04:322 INFO  HomePage :46 - Clicking on Account Tab : [[ChromeDriver: chrome on WINDOWS (5edc2ae30658bf436516201e68e85d63)] -> xpath: //button[@id='header-account-menu']]
2020-04-26 22:04:46 INFO  HomePage :52 - Clicking on Sign In Tab : [[ChromeDriver: chrome on WINDOWS (5edc2ae30658bf436516201e68e85d63)] -> xpath: //button[@id='header-account-signin-button']]
2020-04-26 22:04:165 INFO  SignInPage :45 - Entering Email Id : RogerB1234@gmail.com [[ChromeDriver: chrome on WINDOWS (5edc2ae30658bf436516201e68e85d63)] -> id: gss-signin-email]
2020-04-26 22:04:783 INFO  SignInPage :52 - Entering Password  : Roger123 [[ChromeDriver: chrome on WINDOWS (5edc2ae30658bf436516201e68e85d63)] -> id: gss-signin-password]
2020-04-26 22:04:42 INFO  SignInPage :58 - Clicking on Sign In Button  : [[ChromeDriver: chrome on WINDOWS (5edc2ae30658bf436516201e68e85d63)] -> id: gss-signin-submit]
2020-04-26 22:04:446 INFO  SignInPage :78 - Verify Error Message  : You may have entered an unknown email address or an incorrect password [[ChromeDriver: chrome on WINDOWS (5edc2ae30658bf436516201e68e85d63)] -> id: gss-signin-incorrect-email-or-password]
2020-04-28 10:04:564 INFO  BrowserSelector :33 - Launching Chrome Browser
2020-04-28 10:04:39 INFO  HomePage :37 - Clicking on Accept Tab : [[ChromeDriver: chrome on WINDOWS (7bedb6153a2a018c5e1d97716837216b)] -> xpath: //span[@class='button-text']]
2020-04-28 10:04:701 INFO  HomePage :55 - Clicking on Flights Tab : [[ChromeDriver: chrome on WINDOWS (7bedb6153a2a018c5e1d97716837216b)] -> xpath: //span[contains(text(),'Flights')]]
2020-04-28 10:04:153 INFO  FlightsPage :52 - Entering Origin City : London On Flying from field [[ChromeDriver: chrome on WINDOWS (7bedb6153a2a018c5e1d97716837216b)] -> xpath: //input[@id='flight-origin-hp-flight']]
2020-04-28 10:04:802 INFO  FlightsPage :58 - Entering Destination City : Delhi On Destination field [[ChromeDriver: chrome on WINDOWS (7bedb6153a2a018c5e1d97716837216b)] -> xpath: //input[@id='flight-origin-hp-flight']]
2020-04-28 10:04:691 INFO  FlightsPage :65 - Entering Departure date : 07/08/2020 Departing Date [[ChromeDriver: chrome on WINDOWS (7bedb6153a2a018c5e1d97716837216b)] -> xpath: //input[@id='flight-departing-hp-flight']]
2020-04-28 10:04:940 INFO  FlightsPage :76 - Entering Returning date : 21/08/2020 Returning Date [[ChromeDriver: chrome on WINDOWS (7bedb6153a2a018c5e1d97716837216b)] -> xpath: //input[@id='flight-returning-hp-flight']]
2020-04-28 10:04:276 INFO  FlightsPage :83 - Clicking  on Travellers Button : [[ChromeDriver: chrome on WINDOWS (7bedb6153a2a018c5e1d97716837216b)] -> xpath: //div[@class='menu-bar gcw-travel-selector-wrapper']//button[@class='trigger-utility menu-trigger btn-utility btn-secondary dropdown-toggle theme-standard pin-left menu-arrow gcw-component gcw-traveler-amount-select gcw-component-initialized']]
2020-04-28 10:04:12 INFO  FlightsPage :91 - Clicking  on No of Adults Button  : Proxy element for: DefaultElementLocator 'By.xpath: //body[contains(@class,'')]/meso-native-marquee/section[@id='WizardHero']/div[@id='hero-banner']/div[contains(@class,'hero-banner-gradient native-marquee')]/div[contains(@class,'cols-row hero-banner-inner')]/section[@id='wizardSection']/div[contains(@class,'hero-banner-box siteId-3 cf hideClassicDcol')]/div[@id='wizard-tabs']/div[contains(@class,'tabs-container col')]/section[@id='section-flight-tab-hp']/form[@id='gcw-flights-form-hp-flight']/fieldset[contains(@class,'room-data')]/div[contains(@class,'cols-nested')]/div[contains(@class,'ab25184-traveler-wrapper-flight available-for-flights gcw-clear-both')]/div[@id='traveler-selector-hp-flight']/div[contains(@class,'menu-bar gcw-travel-selector-wrapper')]/ul[contains(@class,'menu-bar-inner')]/li[contains(@class,'open')]/div[contains(@class,'menu sticky gcw-menu')]/div[contains(@class,'menu-main')]/div[contains(@class,'traveler-selector-sinlge-room-data traveler-selector-room-data')]/div[contains(@class,'uitk-grid step-input-outside gcw-component gcw-component-step-input gcw-step-input gcw-component-initialized')]/div[contains(@class,'uitk-col all-col-shrink')]/button[contains(@class,'uitk-step-input-button uitk-step-input-plus')]/span[1]//*[local-name()='svg']'
2020-04-28 10:04:64 INFO  FlightsPage :92 - Clicking  on Close Button  : Proxy element for: DefaultElementLocator 'By.xpath: //li[contains(@class,'open')]//button[contains(@class,'close btn-text')]'
2020-04-28 10:04:564 INFO  FlightsPage :98 - Clicking  on Seacrch Button   : Proxy element for: DefaultElementLocator 'By.xpath: //form[@id='gcw-flights-form-hp-flight']//button[contains(@class,'btn-primary btn-action gcw-submit')]'
2020-04-28 10:04:693 INFO  FlightsResultPage :27 - Verify Destination City Message  : [[ChromeDriver: chrome on WINDOWS (7bedb6153a2a018c5e1d97716837216b)] -> xpath: //span[@class='title-city-text']]
2020-04-28 10:04:316 INFO  BrowserSelector :33 - Launching Chrome Browser
2020-04-28 10:04:203 INFO  HomePage :37 - Clicking on Accept Tab : [[ChromeDriver: chrome on WINDOWS (70638229c5cb3cebc3ddc23274e1a9a9)] -> xpath: //span[@class='button-text']]
2020-04-28 10:04:250 INFO  HomePage :55 - Clicking on Flights Tab : [[ChromeDriver: chrome on WINDOWS (70638229c5cb3cebc3ddc23274e1a9a9)] -> xpath: //span[contains(text(),'Flights')]]
2020-04-28 10:04:599 INFO  FlightsPage :52 - Entering Origin City : Washington On Flying from field [[ChromeDriver: chrome on WINDOWS (70638229c5cb3cebc3ddc23274e1a9a9)] -> xpath: //input[@id='flight-origin-hp-flight']]
2020-04-28 10:04:137 INFO  FlightsPage :58 - Entering Destination City : Mount Gambier On Destination field [[ChromeDriver: chrome on WINDOWS (70638229c5cb3cebc3ddc23274e1a9a9)] -> xpath: //input[@id='flight-origin-hp-flight']]
2020-04-28 10:04:235 INFO  FlightsPage :65 - Entering Departure date : 07/08/2020 Departing Date [[ChromeDriver: chrome on WINDOWS (70638229c5cb3cebc3ddc23274e1a9a9)] -> xpath: //input[@id='flight-departing-hp-flight']]
2020-04-28 10:04:180 INFO  FlightsPage :76 - Entering Returning date : 21/08/2020 Returning Date [[ChromeDriver: chrome on WINDOWS (70638229c5cb3cebc3ddc23274e1a9a9)] -> xpath: //input[@id='flight-returning-hp-flight']]
2020-04-28 10:04:554 INFO  FlightsPage :83 - Clicking  on Travellers Button : [[ChromeDriver: chrome on WINDOWS (70638229c5cb3cebc3ddc23274e1a9a9)] -> xpath: //div[@class='menu-bar gcw-travel-selector-wrapper']//button[@class='trigger-utility menu-trigger btn-utility btn-secondary dropdown-toggle theme-standard pin-left menu-arrow gcw-component gcw-traveler-amount-select gcw-component-initialized']]
2020-04-28 10:04:229 INFO  FlightsPage :91 - Clicking  on No of Adults Button  : Proxy element for: DefaultElementLocator 'By.xpath: //body[contains(@class,'')]/meso-native-marquee/section[@id='WizardHero']/div[@id='hero-banner']/div[contains(@class,'hero-banner-gradient native-marquee')]/div[contains(@class,'cols-row hero-banner-inner')]/section[@id='wizardSection']/div[contains(@class,'hero-banner-box siteId-3 cf hideClassicDcol')]/div[@id='wizard-tabs']/div[contains(@class,'tabs-container col')]/section[@id='section-flight-tab-hp']/form[@id='gcw-flights-form-hp-flight']/fieldset[contains(@class,'room-data')]/div[contains(@class,'cols-nested')]/div[contains(@class,'ab25184-traveler-wrapper-flight available-for-flights gcw-clear-both')]/div[@id='traveler-selector-hp-flight']/div[contains(@class,'menu-bar gcw-travel-selector-wrapper')]/ul[contains(@class,'menu-bar-inner')]/li[contains(@class,'open')]/div[contains(@class,'menu sticky gcw-menu')]/div[contains(@class,'menu-main')]/div[contains(@class,'traveler-selector-sinlge-room-data traveler-selector-room-data')]/div[contains(@class,'uitk-grid step-input-outside gcw-component gcw-component-step-input gcw-step-input gcw-component-initialized')]/div[contains(@class,'uitk-col all-col-shrink')]/button[contains(@class,'uitk-step-input-button uitk-step-input-plus')]/span[1]//*[local-name()='svg']'
2020-04-28 10:04:305 INFO  FlightsPage :92 - Clicking  on Close Button  : Proxy element for: DefaultElementLocator 'By.xpath: //li[contains(@class,'open')]//button[contains(@class,'close btn-text')]'
2020-04-28 10:04:366 INFO  FlightsPage :98 - Clicking  on Seacrch Button   : Proxy element for: DefaultElementLocator 'By.xpath: //form[@id='gcw-flights-form-hp-flight']//button[contains(@class,'btn-primary btn-action gcw-submit')]'
2020-04-28 10:04:431 INFO  FlightsResultPage :34 - Verify Error Message  : [[ChromeDriver: chrome on WINDOWS (70638229c5cb3cebc3ddc23274e1a9a9)] -> xpath: //div[@class='bold announce-able']]
2020-04-28 10:04:570 INFO  BrowserSelector :33 - Launching Chrome Browser
2020-04-28 10:04:729 INFO  HomePage :37 - Clicking on Accept Tab : [[ChromeDriver: chrome on WINDOWS (b2c467aef938da4cf45e5809c42e9fb3)] -> xpath: //span[@class='button-text']]
2020-04-28 10:04:78 INFO  HomePage :43 - Clicking on Account Tab : [[ChromeDriver: chrome on WINDOWS (b2c467aef938da4cf45e5809c42e9fb3)] -> xpath: //button[@id='header-account-menu']]
2020-04-28 10:04:13 INFO  HomePage :49 - Clicking on Sign In Tab : [[ChromeDriver: chrome on WINDOWS (b2c467aef938da4cf45e5809c42e9fb3)] -> xpath: //button[@id='header-account-signin-button']]
2020-04-28 10:04:778 INFO  SignInPage :42 - Entering Email Id : JamesB1234@gmail.com [[ChromeDriver: chrome on WINDOWS (b2c467aef938da4cf45e5809c42e9fb3)] -> id: gss-signin-email]
2020-04-28 10:04:373 INFO  SignInPage :49 - Entering Password  : James123 [[ChromeDriver: chrome on WINDOWS (b2c467aef938da4cf45e5809c42e9fb3)] -> id: gss-signin-password]
2020-04-28 10:04:635 INFO  SignInPage :55 - Clicking on Sign In Button  : [[ChromeDriver: chrome on WINDOWS (b2c467aef938da4cf45e5809c42e9fb3)] -> id: gss-signin-submit]
2020-04-28 10:04:54 INFO  SignInPage :60 - Verify My List Tab Message  : My Lists [[ChromeDriver: chrome on WINDOWS (b2c467aef938da4cf45e5809c42e9fb3)] -> xpath: //span[@class='sp-name']]
2020-04-28 10:04:130 INFO  BrowserSelector :33 - Launching Chrome Browser
2020-04-28 10:04:163 INFO  HomePage :37 - Clicking on Accept Tab : [[ChromeDriver: chrome on WINDOWS (136af0c4dd531d7b36670bf30c4f6dc0)] -> xpath: //span[@class='button-text']]
2020-04-28 10:04:575 INFO  HomePage :43 - Clicking on Account Tab : [[ChromeDriver: chrome on WINDOWS (136af0c4dd531d7b36670bf30c4f6dc0)] -> xpath: //button[@id='header-account-menu']]
2020-04-28 10:04:88 INFO  HomePage :49 - Clicking on Sign In Tab : [[ChromeDriver: chrome on WINDOWS (136af0c4dd531d7b36670bf30c4f6dc0)] -> xpath: //button[@id='header-account-signin-button']]
2020-04-28 10:04:345 INFO  SignInPage :42 - Entering Email Id : RogerB1234@gmail.com [[ChromeDriver: chrome on WINDOWS (136af0c4dd531d7b36670bf30c4f6dc0)] -> id: gss-signin-email]
2020-04-28 10:04:895 INFO  SignInPage :49 - Entering Password  : Roger123 [[ChromeDriver: chrome on WINDOWS (136af0c4dd531d7b36670bf30c4f6dc0)] -> id: gss-signin-password]
2020-04-28 10:04:312 INFO  SignInPage :55 - Clicking on Sign In Button  : [[ChromeDriver: chrome on WINDOWS (136af0c4dd531d7b36670bf30c4f6dc0)] -> id: gss-signin-submit]
2020-04-28 10:04:683 INFO  SignInPage :75 - Verify Error Message  : You may have entered an unknown email address or an incorrect password [[ChromeDriver: chrome on WINDOWS (136af0c4dd531d7b36670bf30c4f6dc0)] -> id: gss-signin-incorrect-email-or-password]
